# JRE version: Java(TM) SE Runtime Environment (8.0_45-b15) (build 1.8.0_45-b15)
# Java VM: Java HotSpot(TM) 64-Bit Server VM (25.45-b02 mixed mode windows-amd64 compressed oops)
Heap:
 PSYoungGen      total 465408K, used 9202K [0x00000000e0000000, 0x0000000100000000, 0x0000000100000000)
  eden space 406528K, 2% used [0x00000000e0000000,0x00000000e08fc8b0,0x00000000f8d00000)
  from space 58880K, 0% used [0x00000000f8d00000,0x00000000f8d00000,0x00000000fc680000)
  to   space 57344K, 0% used [0x00000000fc800000,0x00000000fc800000,0x0000000100000000)
 ParOldGen       total 155136K, used 42984K [0x00000000a0000000, 0x00000000a9780000, 0x00000000e0000000)
  object space 155136K, 27% used [0x00000000a0000000,0x00000000a29fa2d8,0x00000000a9780000)
 Metaspace       used 72037K, capacity 76532K, committed 77440K, reserved 1116160K
  class space    used 9113K, capacity 9663K, committed 9856K, reserved 1048576K
GC Heap History (10 events):
Event: 5389.056 GC heap before
{Heap before GC invocations=63 (full 17):
 PSYoungGen      total 465408K, used 886K [0x00000000e0000000, 0x00000000fea00000, 0x0000000100000000)
  eden space 429056K, 0% used [0x00000000e0000000,0x00000000e0000000,0x00000000fa300000)
  from space 36352K, 2% used [0x00000000fc680000,0x00000000fc75dab0,0x00000000fea00000)
  to   space 36352K, 0% used [0x00000000fa300000,0x00000000fa300000,0x00000000fc680000)
 ParOldGen       total 155136K, used 43914K [0x00000000a0000000, 0x00000000a9780000, 0x00000000e0000000)
  object space 155136K, 28% used [0x00000000a0000000,0x00000000a2ae2b40,0x00000000a9780000)
 Metaspace       used 72544K, capacity 76950K, committed 77184K, reserved 1116160K
  class space    used 9169K, capacity 9722K, committed 9856K, reserved 1048576K
Event: 5389.254 GC heap after
Heap after GC invocations=63 (full 17):
 PSYoungGen      total 465408K, used 0K [0x00000000e0000000, 0x00000000fea00000, 0x0000000100000000)
  eden space 429056K, 0% used [0x00000000e0000000,0x00000000e0000000,0x00000000fa300000)
  from space 36352K, 0% used [0x00000000fc680000,0x00000000fc680000,0x00000000fea00000)
  to   space 36352K, 0% used [0x00000000fa300000,0x00000000fa300000,0x00000000fc680000)
 ParOldGen       total 155136K, used 38465K [0x00000000a0000000, 0x00000000a9780000, 0x00000000e0000000)
  object space 155136K, 24% used [0x00000000a0000000,0x00000000a2590430,0x00000000a9780000)
 Metaspace       used 71894K, capacity 76292K, committed 77184K, reserved 1116160K
  class space    used 9100K, capacity 9649K, committed 9856K, reserved 1048576K
}
Event: 6045.621 GC heap before
{Heap before GC invocations=64 (full 17):
 PSYoungGen      total 465408K, used 429056K [0x00000000e0000000, 0x00000000fea00000, 0x0000000100000000)
  eden space 429056K, 100% used [0x00000000e0000000,0x00000000fa300000,0x00000000fa300000)
  from space 36352K, 0% used [0x00000000fc680000,0x00000000fc680000,0x00000000fea00000)
  to   space 36352K, 0% used [0x00000000fa300000,0x00000000fa300000,0x00000000fc680000)
 ParOldGen       total 155136K, used 38465K [0x00000000a0000000, 0x00000000a9780000, 0x00000000e0000000)
  object space 155136K, 24% used [0x00000000a0000000,0x00000000a2590430,0x00000000a9780000)
 Metaspace       used 72643K, capacity 77102K, committed 77440K, reserved 1116160K
  class space    used 9177K, capacity 9730K, committed 9856K, reserved 1048576K
Event: 6045.718 GC heap after
Heap after GC invocations=64 (full 17):
 PSYoungGen      total 447488K, used 36338K [0x00000000e0000000, 0x00000000ff480000, 0x0000000100000000)
  eden space 411136K, 0% used [0x00000000e0000000,0x00000000e0000000,0x00000000f9180000)
  from space 36352K, 99% used [0x00000000fa300000,0x00000000fc67c8c0,0x00000000fc680000)
  to   space 47104K, 0% used [0x00000000fc680000,0x00000000fc680000,0x00000000ff480000)
 ParOldGen       total 155136K, used 60091K [0x00000000a0000000, 0x00000000a9780000, 0x00000000e0000000)
  object space 155136K, 38% used [0x00000000a0000000,0x00000000a3aaed90,0x00000000a9780000)
 Metaspace       used 72643K, capacity 77102K, committed 77440K, reserved 1116160K
  class space    used 9177K, capacity 9730K, committed 9856K, reserved 1048576K
}
Event: 6046.886 GC heap before
{Heap before GC invocations=65 (full 17):
 PSYoungGen      total 447488K, used 446324K [0x00000000e0000000, 0x00000000ff480000, 0x0000000100000000)
  eden space 411136K, 99% used [0x00000000e0000000,0x00000000f9060ab8,0x00000000f9180000)
  from space 36352K, 99% used [0x00000000fa300000,0x00000000fc67c8c0,0x00000000fc680000)
  to   space 47104K, 0% used [0x00000000fc680000,0x00000000fc680000,0x00000000ff480000)
 ParOldGen       total 155136K, used 60091K [0x00000000a0000000, 0x00000000a9780000, 0x00000000e0000000)
  object space 155136K, 38% used [0x00000000a0000000,0x00000000a3aaed90,0x00000000a9780000)
 Metaspace       used 72659K, capacity 77178K, committed 77440K, reserved 1116160K
  class space    used 9179K, capacity 9732K, committed 9856K, reserved 1048576K
Event: 6046.949 GC heap after
Heap after GC invocations=65 (full 17):
 PSYoungGen      total 453632K, used 47095K [0x00000000e0000000, 0x0000000100000000, 0x0000000100000000)
  eden space 406528K, 0% used [0x00000000e0000000,0x00000000e0000000,0x00000000f8d00000)
  from space 47104K, 99% used [0x00000000fc680000,0x00000000ff47dd80,0x00000000ff480000)
  to   space 58880K, 0% used [0x00000000f8d00000,0x00000000f8d00000,0x00000000fc680000)
 ParOldGen       total 155136K, used 60986K [0x00000000a0000000, 0x00000000a9780000, 0x00000000e0000000)
  object space 155136K, 39% used [0x00000000a0000000,0x00000000a3b8e910,0x00000000a9780000)
 Metaspace       used 72659K, capacity 77178K, committed 77440K, reserved 1116160K
  class space    used 9179K, capacity 9732K, committed 9856K, reserved 1048576K
}
Event: 6047.188 GC heap before
{Heap before GC invocations=66 (full 17):
 PSYoungGen      total 453632K, used 100857K [0x00000000e0000000, 0x0000000100000000, 0x0000000100000000)
  eden space 406528K, 13% used [0x00000000e0000000,0x00000000e3480760,0x00000000f8d00000)
  from space 47104K, 99% used [0x00000000fc680000,0x00000000ff47dd80,0x00000000ff480000)
  to   space 58880K, 0% used [0x00000000f8d00000,0x00000000f8d00000,0x00000000fc680000)
 ParOldGen       total 155136K, used 60986K [0x00000000a0000000, 0x00000000a9780000, 0x00000000e0000000)
  object space 155136K, 39% used [0x00000000a0000000,0x00000000a3b8e910,0x00000000a9780000)
 Metaspace       used 72664K, capacity 77178K, committed 77440K, reserved 1116160K
  class space    used 9179K, capacity 9732K, committed 9856K, reserved 1048576K
Event: 6047.241 GC heap after
Heap after GC invocations=66 (full 17):
 PSYoungGen      total 465408K, used 5971K [0x00000000e0000000, 0x0000000100000000, 0x0000000100000000)
  eden space 406528K, 0% used [0x00000000e0000000,0x00000000e0000000,0x00000000f8d00000)
  from space 58880K, 10% used [0x00000000f8d00000,0x00000000f92d4cb8,0x00000000fc680000)
  to   space 57344K, 0% used [0x00000000fc800000,0x00000000fc800000,0x0000000100000000)
 ParOldGen       total 155136K, used 88383K [0x00000000a0000000, 0x00000000a9780000, 0x00000000e0000000)
  object space 155136K, 56% used [0x00000000a0000000,0x00000000a564ffe8,0x00000000a9780000)
 Metaspace       used 72664K, capacity 77178K, committed 77440K, reserved 1116160K
  class space    used 9179K, capacity 9732K, committed 9856K, reserved 1048576K
}
Event: 6047.241 GC heap before
{Heap before GC invocations=67 (full 18):
 PSYoungGen      total 465408K, used 5971K [0x00000000e0000000, 0x0000000100000000, 0x0000000100000000)
  eden space 406528K, 0% used [0x00000000e0000000,0x00000000e0000000,0x00000000f8d00000)
  from space 58880K, 10% used [0x00000000f8d00000,0x00000000f92d4cb8,0x00000000fc680000)
  to   space 57344K, 0% used [0x00000000fc800000,0x00000000fc800000,0x0000000100000000)
 ParOldGen       total 155136K, used 88383K [0x00000000a0000000, 0x00000000a9780000, 0x00000000e0000000)
  object space 155136K, 56% used [0x00000000a0000000,0x00000000a564ffe8,0x00000000a9780000)
 Metaspace       used 72664K, capacity 77178K, committed 77440K, reserved 1116160K
  class space    used 9179K, capacity 9732K, committed 9856K, reserved 1048576K
Event: 6047.447 GC heap after
Heap after GC invocations=67 (full 18):
 PSYoungGen      total 465408K, used 0K [0x00000000e0000000, 0x0000000100000000, 0x0000000100000000)
  eden space 406528K, 0% used [0x00000000e0000000,0x00000000e0000000,0x00000000f8d00000)
  from space 58880K, 0% used [0x00000000f8d00000,0x00000000f8d00000,0x00000000fc680000)
  to   space 57344K, 0% used [0x00000000fc800000,0x00000000fc800000,0x0000000100000000)
 ParOldGen       total 155136K, used 42984K [0x00000000a0000000, 0x00000000a9780000, 0x00000000e0000000)
  object space 155136K, 27% used [0x00000000a0000000,0x00000000a29fa2d8,0x00000000a9780000)
 Metaspace       used 72013K, capacity 76520K, committed 77440K, reserved 1116160K
  class space    used 9110K, capacity 9659K, committed 9856K, reserved 1048576K
}

